<?xml version="1.0" encoding="UTF-8"?>
<!-- Generated by org.testng.reporters.JUnitXMLReporter -->
<testsuite hostname="UL-LPT-373.local" ignored="6" tests="0" failures="0" timestamp="26 May 2018 06:00:11 GMT" time="0.008" errors="0">
  <testcase name="deleteUser" time="0.0" classname="com.testNG.testpackage.DemoA">
    <ignored/>
  </testcase> <!-- deleteUser -->
  <testcase name="createUser" time="0.0" classname="com.testNG.testpackage.DemoA">
    <ignored/>
  </testcase> <!-- createUser -->
  <testcase name="editProduct" time="0.0" classname="com.testNG.testpackage.DemoA">
    <ignored/>
  </testcase> <!-- editProduct -->
  <testcase name="deleteProduct" time="0.0" classname="com.testNG.testpackage.DemoA">
    <ignored/>
  </testcase> <!-- deleteProduct -->
  <testcase name="editUser" time="0.0" classname="com.testNG.testpackage.DemoA">
    <ignored/>
  </testcase> <!-- editUser -->
  <testcase name="createProduct" time="0.0" classname="com.testNG.testpackage.DemoA">
    <ignored/>
  </testcase> <!-- createProduct -->
</testsuite>
