<?xml version="1.0" encoding="UTF-8"?>
<!-- Generated by org.testng.reporters.JUnitXMLReporter -->
<testsuite hostname="Prasanna.local" name="Test" tests="5" failures="0" timestamp="1 Apr 2019 17:17:06 GMT" time="11.356" errors="0">
  <testcase name="searchMovie" time="1.086" classname="com.headout.test.HomePageTest"/>
  <testcase name="selectMovie" time="0.283" classname="com.headout.test.HomePageTest"/>
  <testcase name="selectDate" time="2.963" classname="com.headout.test.SelectDateTest"/>
  <testcase name="selectSeat" time="2.434" classname="com.headout.test.SelectSeatTest"/>
  <testcase name="checkoutDetails" time="4.562" classname="com.headout.test.CheckoutTest"/>
</testsuite> <!-- Test -->
